[2025-09-30 16:49:00] local.ERROR: Erro no serviço de registro: SQLSTATE[23000]: Integrity constraint violation: 1048 Column 'tenant_id' cannot be null (Connection: mysql, SQL: insert into `users` (`name`, `email`, `password`, `phone`, `tenant_id`, `is_active`, `updated_at`, `created_at`) values (João Silva, joao@example.com, $2y$10$EQmSjte6FLg70CB6P0v8rONG7HrQvXAM8niIABI.5FxAeflEGXTxm, 11999999999, ?, 1, 2025-09-30 16:49:00, 2025-09-30 16:49:00))  
[2025-09-30 16:49:04] local.ERROR: Erro no serviço de registro: SQLSTATE[23000]: Integrity constraint violation: 1048 Column 'tenant_id' cannot be null (Connection: mysql, SQL: insert into `users` (`name`, `email`, `password`, `phone`, `tenant_id`, `is_active`, `updated_at`, `created_at`) values (João Silva, joao@example.com, $2y$10$0m2hUDFaDaa3BIg1e9WPJeX6kgOb7mtPGtsnmp3hyChSzxywNtkvC, 11999999999, ?, 1, 2025-09-30 16:49:04, 2025-09-30 16:49:04))  
[2025-09-30 16:49:04] local.ERROR: Erro no registro: SQLSTATE[23000]: Integrity constraint violation: 1048 Column 'tenant_id' cannot be null (Connection: mysql, SQL: insert into `users` (`name`, `email`, `password`, `phone`, `tenant_id`, `is_active`, `updated_at`, `created_at`) values (João Silva, joao@example.com, $2y$10$0m2hUDFaDaa3BIg1e9WPJeX6kgOb7mtPGtsnmp3hyChSzxywNtkvC, 11999999999, ?, 1, 2025-09-30 16:49:04, 2025-09-30 16:49:04))  
[2025-09-30 16:51:41] local.ERROR: Erro no serviço de registro: SQLSTATE[23000]: Integrity constraint violation: 1048 Column 'tenant_id' cannot be null (Connection: mysql, SQL: insert into `users` (`name`, `email`, `password`, `phone`, `tenant_id`, `is_active`, `updated_at`, `created_at`) values (João Silva, joao@example.com, $2y$10$lCmsXlvZZjSUWFytL.9ITeKJ2nAJdoWiW.VHMJRfWh4cWdMuyu1wm, 11999999999, ?, 1, 2025-09-30 16:51:41, 2025-09-30 16:51:41))  
[2025-09-30 16:51:45] local.ERROR: Erro no serviço de registro: SQLSTATE[23000]: Integrity constraint violation: 1048 Column 'tenant_id' cannot be null (Connection: mysql, SQL: insert into `users` (`name`, `email`, `password`, `phone`, `tenant_id`, `is_active`, `updated_at`, `created_at`) values (João Silva, joao@example.com, $2y$10$x5rD/zJpEVWGWEJ.7VXU1uUeV2dgwFuFcjGssYWu7/d9iJKM5CzWK, 11999999999, ?, 1, 2025-09-30 16:51:45, 2025-09-30 16:51:45))  
[2025-09-30 16:51:45] local.ERROR: Erro no registro: SQLSTATE[23000]: Integrity constraint violation: 1048 Column 'tenant_id' cannot be null (Connection: mysql, SQL: insert into `users` (`name`, `email`, `password`, `phone`, `tenant_id`, `is_active`, `updated_at`, `created_at`) values (João Silva, joao@example.com, $2y$10$x5rD/zJpEVWGWEJ.7VXU1uUeV2dgwFuFcjGssYWu7/d9iJKM5CzWK, 11999999999, ?, 1, 2025-09-30 16:51:45, 2025-09-30 16:51:45))  
[2025-10-03 19:42:28] local.ERROR: SQLSTATE[42S01]: Base table or view already exists: 1050 Table 'payment_methods' already exists (Connection: mysql, SQL: create table `payment_methods` (`id` bigint unsigned not null auto_increment primary key, `uuid` char(36) not null, `name` varchar(191) not null, `description` text null, `is_active` tinyint(1) not null default '1', `tenant_id` bigint unsigned not null, `created_at` timestamp null, `updated_at` timestamp null) default character set utf8mb4 collate 'utf8mb4_unicode_ci') {"exception":"[object] (Illuminate\\Database\\QueryException(code: 42S01): SQLSTATE[42S01]: Base table or view already exists: 1050 Table 'payment_methods' already exists (Connection: mysql, SQL: create table `payment_methods` (`id` bigint unsigned not null auto_increment primary key, `uuid` char(36) not null, `name` varchar(191) not null, `description` text null, `is_active` tinyint(1) not null default '1', `tenant_id` bigint unsigned not null, `created_at` timestamp null, `updated_at` timestamp null) default character set utf8mb4 collate 'utf8mb4_unicode_ci') at /var/www/html/vendor/laravel/framework/src/Illuminate/Database/Connection.php:825)
[stacktrace]
#0 /var/www/html/vendor/laravel/framework/src/Illuminate/Database/Connection.php(779): Illuminate\\Database\\Connection->runQueryCallback()
#1 /var/www/html/vendor/laravel/framework/src/Illuminate/Database/Connection.php(560): Illuminate\\Database\\Connection->run()
#2 /var/www/html/vendor/laravel/framework/src/Illuminate/Database/Schema/Blueprint.php(118): Illuminate\\Database\\Connection->statement()
#3 /var/www/html/vendor/laravel/framework/src/Illuminate/Database/Schema/Builder.php(564): Illuminate\\Database\\Schema\\Blueprint->build()
#4 /var/www/html/vendor/laravel/framework/src/Illuminate/Database/Schema/Builder.php(418): Illuminate\\Database\\Schema\\Builder->build()
#5 /var/www/html/vendor/laravel/framework/src/Illuminate/Support/Facades/Facade.php(361): Illuminate\\Database\\Schema\\Builder->create()
#6 /var/www/html/database/migrations/2025_10_03_000000_create_payment_methods_table.php(14): Illuminate\\Support\\Facades\\Facade::__callStatic()
#7 /var/www/html/vendor/laravel/framework/src/Illuminate/Database/Migrations/Migrator.php(507): Illuminate\\Database\\Migrations\\Migration@anonymous->up()
#8 /var/www/html/vendor/laravel/framework/src/Illuminate/Database/Migrations/Migrator.php(432): Illuminate\\Database\\Migrations\\Migrator->runMethod()
#9 /var/www/html/vendor/laravel/framework/src/Illuminate/Database/Migrations/Migrator.php(441): Illuminate\\Database\\Migrations\\Migrator->Illuminate\\Database\\Migrations\\{closure}()
#10 /var/www/html/vendor/laravel/framework/src/Illuminate/Database/Migrations/Migrator.php(244): Illuminate\\Database\\Migrations\\Migrator->runMigration()
#11 /var/www/html/vendor/laravel/framework/src/Illuminate/Console/View/Components/Task.php(40): Illuminate\\Database\\Migrations\\Migrator->Illuminate\\Database\\Migrations\\{closure}()
#12 /var/www/html/vendor/laravel/framework/src/Illuminate/Database/Migrations/Migrator.php(798): Illuminate\\Console\\View\\Components\\Task->render()
#13 /var/www/html/vendor/laravel/framework/src/Illuminate/Database/Migrations/Migrator.php(244): Illuminate\\Database\\Migrations\\Migrator->write()
#14 /var/www/html/vendor/laravel/framework/src/Illuminate/Database/Migrations/Migrator.php(211): Illuminate\\Database\\Migrations\\Migrator->runUp()
#15 /var/www/html/vendor/laravel/framework/src/Illuminate/Database/Migrations/Migrator.php(138): Illuminate\\Database\\Migrations\\Migrator->runPending()
#16 /var/www/html/vendor/laravel/framework/src/Illuminate/Database/Console/Migrations/MigrateCommand.php(117): Illuminate\\Database\\Migrations\\Migrator->run()
#17 /var/www/html/vendor/laravel/framework/src/Illuminate/Database/Migrations/Migrator.php(658): Illuminate\\Database\\Console\\Migrations\\MigrateCommand->Illuminate\\Database\\Console\\Migrations\\{closure}()
#18 /var/www/html/vendor/laravel/framework/src/Illuminate/Database/Console/Migrations/MigrateCommand.php(110): Illuminate\\Database\\Migrations\\Migrator->usingConnection()
#19 /var/www/html/vendor/laravel/framework/src/Illuminate/Database/Console/Migrations/MigrateCommand.php(89): Illuminate\\Database\\Console\\Migrations\\MigrateCommand->runMigrations()
#20 /var/www/html/vendor/laravel/framework/src/Illuminate/Container/BoundMethod.php(36): Illuminate\\Database\\Console\\Migrations\\MigrateCommand->handle()
#21 /var/www/html/vendor/laravel/framework/src/Illuminate/Container/Util.php(43): Illuminate\\Container\\BoundMethod::Illuminate\\Container\\{closure}()
#22 /var/www/html/vendor/laravel/framework/src/Illuminate/Container/BoundMethod.php(95): Illuminate\\Container\\Util::unwrapIfClosure()
#23 /var/www/html/vendor/laravel/framework/src/Illuminate/Container/BoundMethod.php(35): Illuminate\\Container\\BoundMethod::callBoundMethod()
#24 /var/www/html/vendor/laravel/framework/src/Illuminate/Container/Container.php(696): Illuminate\\Container\\BoundMethod::call()
#25 /var/www/html/vendor/laravel/framework/src/Illuminate/Console/Command.php(213): Illuminate\\Container\\Container->call()
#26 /var/www/html/vendor/symfony/console/Command/Command.php(318): Illuminate\\Console\\Command->execute()
#27 /var/www/html/vendor/laravel/framework/src/Illuminate/Console/Command.php(182): Symfony\\Component\\Console\\Command\\Command->run()
#28 /var/www/html/vendor/symfony/console/Application.php(1110): Illuminate\\Console\\Command->run()
#29 /var/www/html/vendor/symfony/console/Application.php(359): Symfony\\Component\\Console\\Application->doRunCommand()
#30 /var/www/html/vendor/symfony/console/Application.php(194): Symfony\\Component\\Console\\Application->doRun()
#31 /var/www/html/vendor/laravel/framework/src/Illuminate/Foundation/Console/Kernel.php(198): Symfony\\Component\\Console\\Application->run()
#32 /var/www/html/vendor/laravel/framework/src/Illuminate/Foundation/Application.php(1235): Illuminate\\Foundation\\Console\\Kernel->handle()
#33 /var/www/html/artisan(13): Illuminate\\Foundation\\Application->handleCommand()
#34 {main}

[previous exception] [object] (PDOException(code: 42S01): SQLSTATE[42S01]: Base table or view already exists: 1050 Table 'payment_methods' already exists at /var/www/html/vendor/laravel/framework/src/Illuminate/Database/Connection.php:571)
[stacktrace]
#0 /var/www/html/vendor/laravel/framework/src/Illuminate/Database/Connection.php(571): PDOStatement->execute()
#1 /var/www/html/vendor/laravel/framework/src/Illuminate/Database/Connection.php(812): Illuminate\\Database\\Connection->Illuminate\\Database\\{closure}()
#2 /var/www/html/vendor/laravel/framework/src/Illuminate/Database/Connection.php(779): Illuminate\\Database\\Connection->runQueryCallback()
#3 /var/www/html/vendor/laravel/framework/src/Illuminate/Database/Connection.php(560): Illuminate\\Database\\Connection->run()
#4 /var/www/html/vendor/laravel/framework/src/Illuminate/Database/Schema/Blueprint.php(118): Illuminate\\Database\\Connection->statement()
#5 /var/www/html/vendor/laravel/framework/src/Illuminate/Database/Schema/Builder.php(564): Illuminate\\Database\\Schema\\Blueprint->build()
#6 /var/www/html/vendor/laravel/framework/src/Illuminate/Database/Schema/Builder.php(418): Illuminate\\Database\\Schema\\Builder->build()
#7 /var/www/html/vendor/laravel/framework/src/Illuminate/Support/Facades/Facade.php(361): Illuminate\\Database\\Schema\\Builder->create()
#8 /var/www/html/database/migrations/2025_10_03_000000_create_payment_methods_table.php(14): Illuminate\\Support\\Facades\\Facade::__callStatic()
#9 /var/www/html/vendor/laravel/framework/src/Illuminate/Database/Migrations/Migrator.php(507): Illuminate\\Database\\Migrations\\Migration@anonymous->up()
#10 /var/www/html/vendor/laravel/framework/src/Illuminate/Database/Migrations/Migrator.php(432): Illuminate\\Database\\Migrations\\Migrator->runMethod()
#11 /var/www/html/vendor/laravel/framework/src/Illuminate/Database/Migrations/Migrator.php(441): Illuminate\\Database\\Migrations\\Migrator->Illuminate\\Database\\Migrations\\{closure}()
#12 /var/www/html/vendor/laravel/framework/src/Illuminate/Database/Migrations/Migrator.php(244): Illuminate\\Database\\Migrations\\Migrator->runMigration()
#13 /var/www/html/vendor/laravel/framework/src/Illuminate/Console/View/Components/Task.php(40): Illuminate\\Database\\Migrations\\Migrator->Illuminate\\Database\\Migrations\\{closure}()
#14 /var/www/html/vendor/laravel/framework/src/Illuminate/Database/Migrations/Migrator.php(798): Illuminate\\Console\\View\\Components\\Task->render()
#15 /var/www/html/vendor/laravel/framework/src/Illuminate/Database/Migrations/Migrator.php(244): Illuminate\\Database\\Migrations\\Migrator->write()
#16 /var/www/html/vendor/laravel/framework/src/Illuminate/Database/Migrations/Migrator.php(211): Illuminate\\Database\\Migrations\\Migrator->runUp()
#17 /var/www/html/vendor/laravel/framework/src/Illuminate/Database/Migrations/Migrator.php(138): Illuminate\\Database\\Migrations\\Migrator->runPending()
#18 /var/www/html/vendor/laravel/framework/src/Illuminate/Database/Console/Migrations/MigrateCommand.php(117): Illuminate\\Database\\Migrations\\Migrator->run()
#19 /var/www/html/vendor/laravel/framework/src/Illuminate/Database/Migrations/Migrator.php(658): Illuminate\\Database\\Console\\Migrations\\MigrateCommand->Illuminate\\Database\\Console\\Migrations\\{closure}()
#20 /var/www/html/vendor/laravel/framework/src/Illuminate/Database/Console/Migrations/MigrateCommand.php(110): Illuminate\\Database\\Migrations\\Migrator->usingConnection()
#21 /var/www/html/vendor/laravel/framework/src/Illuminate/Database/Console/Migrations/MigrateCommand.php(89): Illuminate\\Database\\Console\\Migrations\\MigrateCommand->runMigrations()
#22 /var/www/html/vendor/laravel/framework/src/Illuminate/Container/BoundMethod.php(36): Illuminate\\Database\\Console\\Migrations\\MigrateCommand->handle()
#23 /var/www/html/vendor/laravel/framework/src/Illuminate/Container/Util.php(43): Illuminate\\Container\\BoundMethod::Illuminate\\Container\\{closure}()
#24 /var/www/html/vendor/laravel/framework/src/Illuminate/Container/BoundMethod.php(95): Illuminate\\Container\\Util::unwrapIfClosure()
#25 /var/www/html/vendor/laravel/framework/src/Illuminate/Container/BoundMethod.php(35): Illuminate\\Container\\BoundMethod::callBoundMethod()
#26 /var/www/html/vendor/laravel/framework/src/Illuminate/Container/Container.php(696): Illuminate\\Container\\BoundMethod::call()
#27 /var/www/html/vendor/laravel/framework/src/Illuminate/Console/Command.php(213): Illuminate\\Container\\Container->call()
#28 /var/www/html/vendor/symfony/console/Command/Command.php(318): Illuminate\\Console\\Command->execute()
#29 /var/www/html/vendor/laravel/framework/src/Illuminate/Console/Command.php(182): Symfony\\Component\\Console\\Command\\Command->run()
#30 /var/www/html/vendor/symfony/console/Application.php(1110): Illuminate\\Console\\Command->run()
#31 /var/www/html/vendor/symfony/console/Application.php(359): Symfony\\Component\\Console\\Application->doRunCommand()
#32 /var/www/html/vendor/symfony/console/Application.php(194): Symfony\\Component\\Console\\Application->doRun()
#33 /var/www/html/vendor/laravel/framework/src/Illuminate/Foundation/Console/Kernel.php(198): Symfony\\Component\\Console\\Application->run()
#34 /var/www/html/vendor/laravel/framework/src/Illuminate/Foundation/Application.php(1235): Illuminate\\Foundation\\Console\\Kernel->handle()
#35 /var/www/html/artisan(13): Illuminate\\Foundation\\Application->handleCommand()
#36 {main}
"} 
